Using pre-set license
Built from '2020.3/staging' branch; Version is '2020.3.23f1 (c5d91304a876) revision 12966163'; Using compiler version '192528614'; Build Type 'Release'
OS: 'Windows 10 Home; OS build 19043.1415; Version 2009; 64bit' Language: 'zh' Physical Memory: 16186 MB
BatchMode: 1, IsHumanControllingUs: 0, StartBugReporterOnCrash: 0, Is64bit: 1, IsPro: 0

COMMAND LINE ARGUMENTS:
C:\Program Files\2020.3.23f1\Editor\Unity.exe
-adb2
-batchMode
-noUpm
-name
AssetImportWorker0
-projectPath
C:/Users/cutew/OneDrive/Desktop/Unity/VikingRun
-logFile
Logs/AssetImportWorker0.log
-srvPort
49610
Successfully changed project path to: C:/Users/cutew/OneDrive/Desktop/Unity/VikingRun
C:/Users/cutew/OneDrive/Desktop/Unity/VikingRun
Using Asset Import Pipeline V2.
Refreshing native plugins compatible for Editor in 41.71 ms, found 2 plugins.
Preloading 0 native plugins for Editor in 0.00 ms.
Initialize engine version: 2020.3.23f1 (c5d91304a876)
[Subsystems] Discovering subsystems at path C:/Program Files/2020.3.23f1/Editor/Data/Resources/UnitySubsystems
[Subsystems] Discovering subsystems at path C:/Users/cutew/OneDrive/Desktop/Unity/VikingRun/Assets
GfxDevice: creating device client; threaded=0
Direct3D:
    Version:  Direct3D 11.0 [level 11.1]
    Renderer: Intel(R) Iris(R) Plus Graphics (ID=0x8a53)
    Vendor:   
    VRAM:     8093 MB
    Driver:   27.20.100.8681
Initialize mono
Mono path[0] = 'C:/Program Files/2020.3.23f1/Editor/Data/Managed'
Mono path[1] = 'C:/Program Files/2020.3.23f1/Editor/Data/MonoBleedingEdge/lib/mono/unityjit'
Mono config path = 'C:/Program Files/2020.3.23f1/Editor/Data/MonoBleedingEdge/etc'
Using monoOptions --debugger-agent=transport=dt_socket,embedding=1,server=y,suspend=n,address=127.0.0.1:56704
Begin MonoManager ReloadAssembly
Registering precompiled unity dll's ...
Register platform support module: C:/Program Files/2020.3.23f1/Editor/Data/PlaybackEngines/MacStandaloneSupport/UnityEditor.OSXStandalone.Extensions.dll
Register platform support module: C:/Program Files/2020.3.23f1/Editor/Data/PlaybackEngines/WindowsStandaloneSupport/UnityEditor.WindowsStandalone.Extensions.dll
Registered in 0.001919 seconds.
Native extension for WindowsStandalone target not found
Native extension for OSXStandalone target not found
Refreshing native plugins compatible for Editor in 44.08 ms, found 2 plugins.
Preloading 0 native plugins for Editor in 0.00 ms.
Mono: successfully reloaded assembly
- Completed reload, in  0.605 seconds
Domain Reload Profiling:
	ReloadAssembly (605ms)
		BeginReloadAssembly (48ms)
			ExecutionOrderSort (0ms)
			DisableScriptedObjects (0ms)
			BackupInstance (0ms)
			ReleaseScriptingObjects (0ms)
			CreateAndSetChildDomain (1ms)
		EndReloadAssembly (488ms)
			LoadAssemblies (47ms)
			RebuildTransferFunctionScriptingTraits (0ms)
			SetupTypeCache (151ms)
			ReleaseScriptCaches (0ms)
			RebuildScriptCaches (33ms)
			SetupLoadedEditorAssemblies (189ms)
				LogAssemblyErrors (0ms)
				InitializePlatformSupportModulesInManaged (7ms)
				SetLoadedEditorAssemblies (0ms)
				RefreshPlugins (44ms)
				BeforeProcessingInitializeOnLoad (19ms)
				ProcessInitializeOnLoadAttributes (88ms)
				ProcessInitializeOnLoadMethodAttributes (31ms)
				AfterProcessingInitializeOnLoad (0ms)
				EditorAssembliesLoaded (0ms)
			ExecutionOrderSort2 (0ms)
			AwakeInstancesAfterBackupRestoration (0ms)
Platform modules already initialized, skipping
Registering precompiled user dll's ...
Registered in 0.004603 seconds.
Begin MonoManager ReloadAssembly
Native extension for WindowsStandalone target not found
Native extension for OSXStandalone target not found
Refreshing native plugins compatible for Editor in 0.43 ms, found 2 plugins.
Preloading 0 native plugins for Editor in 0.00 ms.
Mono: successfully reloaded assembly
- Completed reload, in  1.067 seconds
Domain Reload Profiling:
	ReloadAssembly (1068ms)
		BeginReloadAssembly (150ms)
			ExecutionOrderSort (0ms)
			DisableScriptedObjects (7ms)
			BackupInstance (0ms)
			ReleaseScriptingObjects (0ms)
			CreateAndSetChildDomain (20ms)
		EndReloadAssembly (854ms)
			LoadAssemblies (84ms)
			RebuildTransferFunctionScriptingTraits (0ms)
			SetupTypeCache (280ms)
			ReleaseScriptCaches (0ms)
			RebuildScriptCaches (50ms)
			SetupLoadedEditorAssemblies (341ms)
				LogAssemblyErrors (0ms)
				InitializePlatformSupportModulesInManaged (6ms)
				SetLoadedEditorAssemblies (1ms)
				RefreshPlugins (1ms)
				BeforeProcessingInitializeOnLoad (89ms)
				ProcessInitializeOnLoadAttributes (229ms)
				ProcessInitializeOnLoadMethodAttributes (10ms)
				AfterProcessingInitializeOnLoad (5ms)
				EditorAssembliesLoaded (0ms)
			ExecutionOrderSort2 (0ms)
			AwakeInstancesAfterBackupRestoration (7ms)
Platform modules already initialized, skipping
========================================================================
Worker process is ready to serve import requests
Launched and connected shader compiler UnityShaderCompiler.exe after 0.11 seconds
Refreshing native plugins compatible for Editor in 0.45 ms, found 2 plugins.
Preloading 0 native plugins for Editor in 0.00 ms.
Unloading 1657 Unused Serialized files (Serialized files now loaded: 0)
System memory in use before: 78.6 MB.
System memory in use after: 78.7 MB.

Unloading 20 unused Assets to reduce memory usage. Loaded Objects now: 2097.
Total: 2.730700 ms (FindLiveObjects: 0.139900 ms CreateObjectMapping: 0.049100 ms MarkObjects: 2.381700 ms  DeleteObjects: 0.158300 ms)

AssetImportParameters requested are different than current active one (requested -> active):
  custom:framework-win-MediaFoundation: 216162199b28c13a410421893ffa2e32 -> 
  custom:video-decoder-ogg-theora: a1e56fd34408186e4bbccfd4996cb3dc -> 
  custom:container-muxer-webm: aa71ff27fc2769a1b78a27578f13a17b -> 
  custom:container-demuxer-webm: 4f35f7cbe854078d1ac9338744f61a02 -> 
  custom:container-demuxer-ogg: 62fdf1f143b41e24485cea50d1cbac27 -> 
  custom:video-encoder-webm-vp8: eb34c28f22e8b96e1ab97ce403110664 -> 
  custom:video-decoder-webm-vp8: 9c59270c3fd7afecdb556c50c9e8de78 -> 
  custom:audio-decoder-ogg-vorbis: bf7c407c2cedff20999df2af8eb42d56 -> 
  custom:audio-encoder-webm-vorbis: bf7c407c2cedff20999df2af8eb42d56 -> 
========================================================================
Received Import Request.
  path: Assets/FourEvilDragonsHP/Scene
  artifactKey: Guid(ca5661a67750c244cbc0e8a0cbe2b134) Importer(815301076,1909f56bfc062723c751e8b465ee728b)
Start importing Assets/FourEvilDragonsHP/Scene using Guid(ca5661a67750c244cbc0e8a0cbe2b134) Importer(815301076,1909f56bfc062723c751e8b465ee728b)  -> (artifact id: 'a695595d14b676892a5336309f740917') in 0.010053 seconds 
  Import took 0.014909 seconds .

========================================================================
Received Import Request.
  Time since last request: 9.800525 seconds.
  path: Assets/FourEvilDragonsHP/Texture
  artifactKey: Guid(029cb04ef2736154bb988bdf55c949e8) Importer(815301076,1909f56bfc062723c751e8b465ee728b)
Start importing Assets/FourEvilDragonsHP/Texture using Guid(029cb04ef2736154bb988bdf55c949e8) Importer(815301076,1909f56bfc062723c751e8b465ee728b)  -> (artifact id: '153df31d5bd0cf040c978669b7a662c6') in 0.010568 seconds 
  Import took 0.017668 seconds .

========================================================================
Received Import Request.
  Time since last request: 35.992886 seconds.
  path: Assets/FourEvilDragonsHP/Prefab/DragonNightmare/Albino.prefab
  artifactKey: Guid(8252519d2c6fd014bb5f75765a8c4fda) Importer(815301076,1909f56bfc062723c751e8b465ee728b)
Start importing Assets/FourEvilDragonsHP/Prefab/DragonNightmare/Albino.prefab using Guid(8252519d2c6fd014bb5f75765a8c4fda) Importer(815301076,1909f56bfc062723c751e8b465ee728b)  -> (artifact id: 'b7b92b891cfcce7bf90459144523a35d') in 0.303212 seconds 
  Import took 0.311666 seconds .

========================================================================
Received Import Request.
  Time since last request: 0.000222 seconds.
  path: Assets/FourEvilDragonsHP/Prefab/DragonNightmare/DarkBlue.prefab
  artifactKey: Guid(a3e7850e56f7e2d4a8cb9e150f10c835) Importer(815301076,1909f56bfc062723c751e8b465ee728b)
Start importing Assets/FourEvilDragonsHP/Prefab/DragonNightmare/DarkBlue.prefab using Guid(a3e7850e56f7e2d4a8cb9e150f10c835) Importer(815301076,1909f56bfc062723c751e8b465ee728b)  -> (artifact id: '8a84880450d89f1cba3272d9000a7a01') in 0.063672 seconds 
  Import took 0.069973 seconds .

========================================================================
Received Import Request.
  Time since last request: 0.000165 seconds.
  path: Assets/FourEvilDragonsHP/Prefab/DragonNightmare/Green.prefab
  artifactKey: Guid(281a986484325de459dc1b3709335bc5) Importer(815301076,1909f56bfc062723c751e8b465ee728b)
Start importing Assets/FourEvilDragonsHP/Prefab/DragonNightmare/Green.prefab using Guid(281a986484325de459dc1b3709335bc5) Importer(815301076,1909f56bfc062723c751e8b465ee728b)  -> (artifact id: 'f43fa69a764e7988f1e303c243753657') in 0.062566 seconds 
  Import took 0.068976 seconds .

========================================================================
Received Import Request.
  Time since last request: 0.000207 seconds.
  path: Assets/FourEvilDragonsHP/Prefab/DragonNightmare/Blue.prefab
  artifactKey: Guid(edd34a89cfe571f4ca766dcca2459bbe) Importer(815301076,1909f56bfc062723c751e8b465ee728b)
Start importing Assets/FourEvilDragonsHP/Prefab/DragonNightmare/Blue.prefab using Guid(edd34a89cfe571f4ca766dcca2459bbe) Importer(815301076,1909f56bfc062723c751e8b465ee728b)  -> (artifact id: 'b2bfa406dcd128f8afe8a5374bb1bdbf') in 0.059634 seconds 
  Import took 0.065873 seconds .

========================================================================
Received Import Request.
  Time since last request: 10.413883 seconds.
  path: Assets/FourEvilDragonsHP/Animators/TerrorbringerCTRL.controller
  artifactKey: Guid(d44a18fbb4c18cb40b8732baf53d96fd) Importer(815301076,1909f56bfc062723c751e8b465ee728b)
Start importing Assets/FourEvilDragonsHP/Animators/TerrorbringerCTRL.controller using Guid(d44a18fbb4c18cb40b8732baf53d96fd) Importer(815301076,1909f56bfc062723c751e8b465ee728b)  -> (artifact id: '6bc196a5ea14ecda32ba62c4c6908c3b') in 0.030631 seconds 
  Import took 0.038079 seconds .

========================================================================
Received Import Request.
  Time since last request: 34.827898 seconds.
  path: Assets/FourEvilDragonsHP/Animations/DragonNightMare
  artifactKey: Guid(6a8b5480e0c64544a912f4218b0519bc) Importer(815301076,1909f56bfc062723c751e8b465ee728b)
Start importing Assets/FourEvilDragonsHP/Animations/DragonNightMare using Guid(6a8b5480e0c64544a912f4218b0519bc) Importer(815301076,1909f56bfc062723c751e8b465ee728b)  -> (artifact id: '3e16f4b79708941f8b90113c5e665280') in 0.010089 seconds 
  Import took 0.015778 seconds .

========================================================================
Received Prepare
Registering precompiled user dll's ...
Registered in 0.005082 seconds.
Begin MonoManager ReloadAssembly
Native extension for WindowsStandalone target not found
Native extension for OSXStandalone target not found
Refreshing native plugins compatible for Editor in 0.47 ms, found 2 plugins.
Preloading 0 native plugins for Editor in 0.00 ms.
Mono: successfully reloaded assembly
- Completed reload, in  1.033 seconds
Domain Reload Profiling:
	ReloadAssembly (1033ms)
		BeginReloadAssembly (110ms)
			ExecutionOrderSort (0ms)
			DisableScriptedObjects (5ms)
			BackupInstance (0ms)
			ReleaseScriptingObjects (0ms)
			CreateAndSetChildDomain (34ms)
		EndReloadAssembly (857ms)
			LoadAssemblies (87ms)
			RebuildTransferFunctionScriptingTraits (0ms)
			SetupTypeCache (295ms)
			ReleaseScriptCaches (1ms)
			RebuildScriptCaches (41ms)
			SetupLoadedEditorAssemblies (315ms)
				LogAssemblyErrors (0ms)
				InitializePlatformSupportModulesInManaged (5ms)
				SetLoadedEditorAssemblies (1ms)
				RefreshPlugins (1ms)
				BeforeProcessingInitializeOnLoad (74ms)
				ProcessInitializeOnLoadAttributes (218ms)
				ProcessInitializeOnLoadMethodAttributes (10ms)
				AfterProcessingInitializeOnLoad (7ms)
				EditorAssembliesLoaded (0ms)
			ExecutionOrderSort2 (0ms)
			AwakeInstancesAfterBackupRestoration (8ms)
Platform modules already initialized, skipping
Refreshing native plugins compatible for Editor in 0.41 ms, found 2 plugins.
Preloading 0 native plugins for Editor in 0.00 ms.
Unloading 1649 Unused Serialized files (Serialized files now loaded: 0)
System memory in use before: 95.0 MB.
System memory in use after: 95.1 MB.

Unloading 15 unused Assets to reduce memory usage. Loaded Objects now: 2107.
Total: 2.519300 ms (FindLiveObjects: 0.134900 ms CreateObjectMapping: 0.050000 ms MarkObjects: 2.304900 ms  DeleteObjects: 0.027700 ms)

AssetImportParameters requested are different than current active one (requested -> active):
  custom:framework-win-MediaFoundation: 216162199b28c13a410421893ffa2e32 -> 
  custom:video-decoder-ogg-theora: a1e56fd34408186e4bbccfd4996cb3dc -> 
  custom:container-muxer-webm: aa71ff27fc2769a1b78a27578f13a17b -> 
  custom:container-demuxer-webm: 4f35f7cbe854078d1ac9338744f61a02 -> 
  custom:container-demuxer-ogg: 62fdf1f143b41e24485cea50d1cbac27 -> 
  custom:video-encoder-webm-vp8: eb34c28f22e8b96e1ab97ce403110664 -> 
  custom:video-decoder-webm-vp8: 9c59270c3fd7afecdb556c50c9e8de78 -> 
  custom:audio-decoder-ogg-vorbis: bf7c407c2cedff20999df2af8eb42d56 -> 
  custom:audio-encoder-webm-vorbis: bf7c407c2cedff20999df2af8eb42d56 -> 
========================================================================
Received Import Request.
  Time since last request: 6.310294 seconds.
  path: Assets/FourEvilDragonsHP/Materials/DragonTerrorBringer
  artifactKey: Guid(4623ff13a8b77514e915c6871927fbd2) Importer(815301076,1909f56bfc062723c751e8b465ee728b)
Start importing Assets/FourEvilDragonsHP/Materials/DragonTerrorBringer using Guid(4623ff13a8b77514e915c6871927fbd2) Importer(815301076,1909f56bfc062723c751e8b465ee728b)  -> (artifact id: '8bc53612e6177a2d5a6a05daf3109ea5') in 0.012566 seconds 
  Import took 0.018835 seconds .

========================================================================
Received Import Request.
  Time since last request: 0.050031 seconds.
  path: Assets/FourEvilDragonsHP/Materials/DragonTerrorBringer/BlueHP.mat
  artifactKey: Guid(dcc7344671ccf0044a1fb5038007860e) Importer(815301076,1909f56bfc062723c751e8b465ee728b)
Start importing Assets/FourEvilDragonsHP/Materials/DragonTerrorBringer/BlueHP.mat using Guid(dcc7344671ccf0044a1fb5038007860e) Importer(815301076,1909f56bfc062723c751e8b465ee728b)  -> (artifact id: '4f2a8486a3fc311666f6519114469bc9') in 0.088687 seconds 
  Import took 0.093886 seconds .

========================================================================
Received Import Request.
  Time since last request: 0.000257 seconds.
  path: Assets/FourEvilDragonsHP/Materials/DragonTerrorBringer/PurpleHP.mat
  artifactKey: Guid(2cc3d51c3b46bec4a95b1cf2d2488afd) Importer(815301076,1909f56bfc062723c751e8b465ee728b)
Start importing Assets/FourEvilDragonsHP/Materials/DragonTerrorBringer/PurpleHP.mat using Guid(2cc3d51c3b46bec4a95b1cf2d2488afd) Importer(815301076,1909f56bfc062723c751e8b465ee728b)  -> (artifact id: '48e03dffb4c04bb4782c8a28c349e7ba') in 0.058928 seconds 
  Import took 0.064384 seconds .

========================================================================
Received Import Request.
  Time since last request: 0.000189 seconds.
  path: Assets/FourEvilDragonsHP/Materials/DragonTerrorBringer/GreenHP.mat
  artifactKey: Guid(63a8442de5af83f49902935ef0d8904e) Importer(815301076,1909f56bfc062723c751e8b465ee728b)
Start importing Assets/FourEvilDragonsHP/Materials/DragonTerrorBringer/GreenHP.mat using Guid(63a8442de5af83f49902935ef0d8904e) Importer(815301076,1909f56bfc062723c751e8b465ee728b)  -> (artifact id: '451c54548190a12ecd0d2560997d53ae') in 0.045935 seconds 
  Import took 0.051537 seconds .

========================================================================
Received Import Request.
  Time since last request: 0.000278 seconds.
  path: Assets/FourEvilDragonsHP/Materials/DragonTerrorBringer/RedHP.mat
  artifactKey: Guid(3cf5d93e63ceca94da9ffb40a6ed68ed) Importer(815301076,1909f56bfc062723c751e8b465ee728b)
Start importing Assets/FourEvilDragonsHP/Materials/DragonTerrorBringer/RedHP.mat using Guid(3cf5d93e63ceca94da9ffb40a6ed68ed) Importer(815301076,1909f56bfc062723c751e8b465ee728b)  -> (artifact id: 'caa5c2a78586cc8a24f5e43cc2b3549f') in 0.043859 seconds 
  Import took 0.048845 seconds .

AssetImportWorkerClient::OnTransportError - code=2 error=End of file
